<?xml version="1.0" encoding="UTF-8"?>
<!-- Generated by org.testng.reporters.JUnitXMLReporter -->
<testsuite ignored="1" hostname="Ahmets-MacBook-Pro.local" failures="0" tests="1" name="Default test" time="20.387" errors="0" timestamp="2023-10-17T17:12:43 EDT">
  <testcase classname="com.neotech.lesson02.AssertDemo" name="logoValidation" time="0.239"/>
  <testcase classname="com.neotech.lesson02.AssertDemo" name="titleValidation" time="0.0">
    <ignored/>
  </testcase> <!-- titleValidation -->
</testsuite> <!-- Default test -->
