<?xml version="1.0" encoding="UTF-8"?>
<testng-results ignored="0" total="1" passed="1" failed="0" skipped="0">
  <reporter-output>
  </reporter-output>
  <suite started-at="2023-10-17T17:12:22 EDT" name="Default suite" finished-at="2023-10-17T17:12:43 EDT" duration-ms="20387">
    <groups>
    </groups>
    <test started-at="2023-10-17T17:12:22 EDT" name="Default test" finished-at="2023-10-17T17:12:43 EDT" duration-ms="20387">
      <class name="com.neotech.lesson02.AssertDemo">
        <test-method is-config="true" signature="setUp()[pri:0, instance:com.neotech.lesson02.AssertDemo@78e4deb0]" started-at="2023-10-17T17:12:22 EDT" name="setUp" finished-at="2023-10-17T17:12:34 EDT" duration-ms="11422" status="PASS">
          <reporter-output>
          </reporter-output>
        </test-method> <!-- setUp -->
        <test-method is-config="true" signature="openAndNavigate()[pri:0, instance:com.neotech.lesson02.AssertDemo@78e4deb0]" started-at="2023-10-17T17:12:34 EDT" name="openAndNavigate" finished-at="2023-10-17T17:12:42 EDT" duration-ms="8548" status="PASS">
          <reporter-output>
          </reporter-output>
        </test-method> <!-- openAndNavigate -->
        <test-method signature="logoValidation()[pri:0, instance:com.neotech.lesson02.AssertDemo@78e4deb0]" started-at="2023-10-17T17:12:42 EDT" name="logoValidation" finished-at="2023-10-17T17:12:43 EDT" duration-ms="239" status="PASS">
          <reporter-output>
          </reporter-output>
        </test-method> <!-- logoValidation -->
        <test-method is-config="true" signature="quitBrowser()[pri:0, instance:com.neotech.lesson02.AssertDemo@78e4deb0]" started-at="2023-10-17T17:12:43 EDT" name="quitBrowser" finished-at="2023-10-17T17:12:43 EDT" duration-ms="117" status="PASS">
          <reporter-output>
          </reporter-output>
        </test-method> <!-- quitBrowser -->
        <test-method is-config="true" signature="tearDown()[pri:0, instance:com.neotech.lesson02.AssertDemo@78e4deb0]" started-at="2023-10-17T17:12:43 EDT" name="tearDown" finished-at="2023-10-17T17:12:43 EDT" duration-ms="0" status="PASS">
          <reporter-output>
          </reporter-output>
        </test-method> <!-- tearDown -->
      </class> <!-- com.neotech.lesson02.AssertDemo -->
    </test> <!-- Default test -->
  </suite> <!-- Default suite -->
</testng-results>
